<?xml version="1.0" encoding="UTF-8"?>
<!-- Generated by org.testng.reporters.JUnitReportReporter -->
<testsuite hostname="HUSSEINBAKR" failures="0" tests="2" name="org.GeeksApk.TestLogin" time="15.752" errors="0" timestamp="2024-11-08T02:13:17 EET" skipped="0">
  <testcase classname="org.GeeksApk.TestLogin" name="invalidLoginTest" time="9.482"/>
  <testcase classname="org.GeeksApk.TestLogin" name="validLoginTest" time="6.270"/>
</testsuite> <!-- org.GeeksApk.TestLogin -->
