<?xml version="1.0" encoding="UTF-8"?>
<!-- Generated by org.testng.reporters.JUnitReportReporter -->
<testsuite hostname="HUSSEINBAKR" failures="0" tests="15" name="org.GeeksApk.GeeksforGeeksApk" time="0.509" errors="1" timestamp="2024-11-07T17:08:47 EET" skipped="14">
  <testcase classname="org.GeeksApk.GeeksforGeeksApk" name="setUp" time="0.508">
    <error message="Could not start a new session. Response code 400. Message: &#039;automationName&#039; can&#039;t be blank 
Host info: host: &#039;HUSSEINBAKR&#039;, ip: &#039;192.168.0.106&#039;
Build info: version: &#039;4.26.0&#039;, revision: &#039;8ccf0219d7&#039;
System info: os.name: &#039;Windows 11&#039;, os.arch: &#039;amd64&#039;, os.version: &#039;10.0&#039;, java.version: &#039;23.0.1&#039;
Driver info: io.appium.java_client.android.AndroidDriver
Command: [null, newSession {capabilities=[Capabilities {appium:app: C:\Users\husse\Downloads\fr..., appium:deviceName: A71 الخاص بـ Hussein, appium:platformName: ANDROID, appium:platformVersion: 13.0, appium:udid: RZ8N11TVH0D, platformName: ANDROID}]}]
Capabilities {appium:app: C:\Users\husse\Downloads\fr..., appium:deviceName: A71 الخاص بـ Hussein, appium:platformName: ANDROID, appium:platformVersion: 13.0, appium:udid: RZ8N11TVH0D, platformName: ANDROID}" type="org.openqa.selenium.SessionNotCreatedException">
        <![CDATA[org.openqa.selenium.SessionNotCreatedException: Could not start a new session. Response code 400. Message: 'automationName' can't be blank
Host info: host: 'HUSSEINBAKR', ip: '192.168.0.106'
Build info: version: '4.26.0', revision: '8ccf0219d7'
System info: os.name: 'Windows 11', os.arch: 'amd64', os.version: '10.0', java.version: '23.0.1'
Driver info: io.appium.java_client.android.AndroidDriver
Command: [null, newSession {capabilities=[Capabilities {appium:app: C:\Users\husse\Downloads\fr..., appium:deviceName: A71 الخاص بـ Hussein, appium:platformName: ANDROID, appium:platformVersion: 13.0, appium:udid: RZ8N11TVH0D, platformName: ANDROID}]}]
Capabilities {appium:app: C:\Users\husse\Downloads\fr..., appium:deviceName: A71 الخاص بـ Hussein, appium:platformName: ANDROID, appium:platformVersion: 13.0, appium:udid: RZ8N11TVH0D, platformName: ANDROID}
at org.openqa.selenium.remote.ProtocolHandshake.createSession(ProtocolHandshake.java:114)
at org.openqa.selenium.remote.ProtocolHandshake.createSession(ProtocolHandshake.java:75)
at org.openqa.selenium.remote.ProtocolHandshake.createSession(ProtocolHandshake.java:61)
at io.appium.java_client.remote.AppiumCommandExecutor.createSession(AppiumCommandExecutor.java:176)
at io.appium.java_client.remote.AppiumCommandExecutor.execute(AppiumCommandExecutor.java:237)
at org.openqa.selenium.remote.RemoteWebDriver.execute(RemoteWebDriver.java:545)
at io.appium.java_client.AppiumDriver.startSession(AppiumDriver.java:270)
at org.openqa.selenium.remote.RemoteWebDriver.<init>(RemoteWebDriver.java:174)
at io.appium.java_client.AppiumDriver.<init>(AppiumDriver.java:91)
at io.appium.java_client.AppiumDriver.<init>(AppiumDriver.java:103)
at io.appium.java_client.android.AndroidDriver.<init>(AndroidDriver.java:109)
at org.GeeksApk.GeeksforGeeksApk.setUp(GeeksforGeeksApk.java:37)
at java.base/jdk.internal.reflect.DirectMethodHandleAccessor.invoke(DirectMethodHandleAccessor.java:103)
at java.base/java.lang.reflect.Method.invoke(Method.java:580)
at org.testng.internal.invokers.MethodInvocationHelper.invokeMethod(MethodInvocationHelper.java:141)
at org.testng.internal.invokers.MethodInvocationHelper.invokeMethodConsideringTimeout(MethodInvocationHelper.java:71)
at org.testng.internal.invokers.ConfigInvoker.invokeConfigurationMethod(ConfigInvoker.java:400)
at org.testng.internal.invokers.ConfigInvoker.invokeConfigurations(ConfigInvoker.java:333)
at org.testng.internal.invokers.TestMethodWorker.invokeBeforeClassMethods(TestMethodWorker.java:188)
at org.testng.internal.invokers.TestMethodWorker.run(TestMethodWorker.java:128)
at java.base/java.util.ArrayList.forEach(ArrayList.java:1597)
at org.testng.TestRunner.privateRun(TestRunner.java:739)
at org.testng.TestRunner.run(TestRunner.java:614)
at org.testng.SuiteRunner.runTest(SuiteRunner.java:421)
at org.testng.SuiteRunner.runSequentially(SuiteRunner.java:413)
at org.testng.SuiteRunner.privateRun(SuiteRunner.java:373)
at org.testng.SuiteRunner.run(SuiteRunner.java:312)
at org.testng.SuiteRunnerWorker.runSuite(SuiteRunnerWorker.java:52)
at org.testng.SuiteRunnerWorker.run(SuiteRunnerWorker.java:95)
at org.testng.TestNG.runSuitesSequentially(TestNG.java:1274)
at org.testng.TestNG.runSuitesLocally(TestNG.java:1208)
at org.testng.TestNG.runSuites(TestNG.java:1112)
at org.testng.TestNG.run(TestNG.java:1079)
at org.GeeksApk.GeeksforGeeksApk.main(GeeksforGeeksApk.java:125)
]]>
    </error>
  </testcase> <!-- setUp -->
  <testcase classname="org.GeeksApk.GeeksforGeeksApk" name="validLoginTest" time="0.000">
    <skipped/>
  </testcase> <!-- validLoginTest -->
  <testcase classname="org.GeeksApk.GeeksforGeeksApk" name="validLoginTest" time="0.000">
    <skipped/>
  </testcase> <!-- validLoginTest -->
  <testcase classname="org.GeeksApk.GeeksforGeeksApk" name="validLoginTest" time="0.000">
    <skipped/>
  </testcase> <!-- validLoginTest -->
  <testcase classname="org.GeeksApk.GeeksforGeeksApk" name="validLoginTest" time="0.001">
    <skipped/>
  </testcase> <!-- validLoginTest -->
  <testcase classname="org.GeeksApk.GeeksforGeeksApk" name="validLoginTest" time="0.000">
    <skipped/>
  </testcase> <!-- validLoginTest -->
  <testcase classname="org.GeeksApk.GeeksforGeeksApk" name="validLoginTest" time="0.000">
    <skipped/>
  </testcase> <!-- validLoginTest -->
  <testcase classname="org.GeeksApk.GeeksforGeeksApk" name="validLoginTest" time="0.000">
    <skipped/>
  </testcase> <!-- validLoginTest -->
  <testcase classname="org.GeeksApk.GeeksforGeeksApk" name="invalidLoginTest" time="0.000">
    <skipped/>
  </testcase> <!-- invalidLoginTest -->
  <testcase classname="org.GeeksApk.GeeksforGeeksApk" name="invalidLoginTest" time="0.000">
    <skipped/>
  </testcase> <!-- invalidLoginTest -->
  <testcase classname="org.GeeksApk.GeeksforGeeksApk" name="invalidLoginTest" time="0.000">
    <skipped/>
  </testcase> <!-- invalidLoginTest -->
  <testcase classname="org.GeeksApk.GeeksforGeeksApk" name="invalidLoginTest" time="0.000">
    <skipped/>
  </testcase> <!-- invalidLoginTest -->
  <testcase classname="org.GeeksApk.GeeksforGeeksApk" name="invalidLoginTest" time="0.000">
    <skipped/>
  </testcase> <!-- invalidLoginTest -->
  <testcase classname="org.GeeksApk.GeeksforGeeksApk" name="invalidLoginTest" time="0.000">
    <skipped/>
  </testcase> <!-- invalidLoginTest -->
  <testcase classname="org.GeeksApk.GeeksforGeeksApk" name="invalidLoginTest" time="0.000">
    <skipped/>
  </testcase> <!-- invalidLoginTest -->
</testsuite> <!-- org.GeeksApk.GeeksforGeeksApk -->
